\BOOKMARK [0][-]{chapter.1}{Einleitung}{}% 1
\BOOKMARK [0][-]{chapter.2}{Theorie}{}% 2
\BOOKMARK [1][-]{section.2.1}{Der Plasmazustand}{chapter.2}% 3
\BOOKMARK [2][-]{subsection.2.1.1}{Allgemeine Eigenschaften eines Plasmas}{section.2.1}% 4
\BOOKMARK [2][-]{subsection.2.1.2}{Atmosph\344rendruckplasmen}{section.2.1}% 5
\BOOKMARK [2][-]{subsection.2.1.3}{Das Paschen-Gesetz}{section.2.1}% 6
\BOOKMARK [1][-]{section.2.2}{Passive Thermosonden}{chapter.2}% 7
\BOOKMARK [2][-]{subsection.2.2.1}{Aufbau der Sonde}{section.2.2}% 8
\BOOKMARK [2][-]{subsection.2.2.2}{Messprinzip}{section.2.2}% 9
\BOOKMARK [2][-]{subsection.2.2.3}{Auswertungsmethodik}{section.2.2}% 10
\BOOKMARK [2][-]{subsection.2.2.4}{Kalibierung der Sonde}{section.2.2}% 11
\BOOKMARK [1][-]{section.2.3}{Sekund\344relektronenemission \(SEE\)}{chapter.2}% 12
\BOOKMARK [2][-]{subsection.2.3.1}{Der Sekund\344relektronenemissionkoeffizient \(SEEC\)}{section.2.3}% 13
\BOOKMARK [2][-]{subsection.2.3.2}{Messung der ESEEC}{section.2.3}% 14
\BOOKMARK [0][-]{chapter.3}{Messmethodik}{}% 15
\BOOKMARK [1][-]{section.3.1}{Gasbox}{chapter.3}% 16
\BOOKMARK [1][-]{section.3.2}{Schaltplan}{chapter.3}% 17
\BOOKMARK [1][-]{section.3.3}{Elektroden und Aufbau des Plasmas}{chapter.3}% 18
\BOOKMARK [1][-]{section.3.4}{Ablauf der Energiestrommessungen}{chapter.3}% 19
\BOOKMARK [1][-]{section.3.5}{Aufbau der optischen Emissionsspektroskopie \(OES\)}{chapter.3}% 20
\BOOKMARK [0][-]{chapter.4}{Auswertung}{}% 21
\BOOKMARK [1][-]{section.4.1}{Herstellung der n\366tigen Rahmenbedingungen}{chapter.4}% 22
\BOOKMARK [2][-]{subsection.4.1.1}{Optische Emissionsspektroskopie}{section.4.1}% 23
\BOOKMARK [1][-]{section.4.2}{\334berpr\374fung der erfolgreichen Z\374ndung einer Glimmentladung}{chapter.4}% 24
\BOOKMARK [1][-]{section.4.3}{Gr\366\337e der Z\374ndspannung}{chapter.4}% 25
\BOOKMARK [1][-]{section.4.4}{Wirkungsgrad der Entladung}{chapter.4}% 26
\BOOKMARK [1][-]{section.4.5}{Betrachtung von Fehlern in der Kalibration}{chapter.4}% 27
\BOOKMARK [1][-]{section.4.6}{Gr\366\337e der Energiestr\366me und -dichten im Plasma}{chapter.4}% 28
\BOOKMARK [1][-]{section.4.7}{Bestimmung der effektiven Sekund\344relektronenemissionskoeffizienten.}{chapter.4}% 29
\BOOKMARK [0][-]{appendix.A}{Anhang}{}% 30
