This is pdfTeX, Version 3.14159265-2.6-1.40.20 (TeX Live 2019) (preloaded format=pdflatex 2019.9.6)  11 JAN 2023 13:17
entering extended mode
 \write18 enabled.
 %&-line parsing enabled.
**arbeit.tex
(./arbeit.tex
LaTeX2e <2018-12-01>
(/usr/local/texlive/2019/texmf-dist/tex/latex/base/report.cls
Document Class: report 2018/09/03 v1.4i Standard LaTeX document class
(/usr/local/texlive/2019/texmf-dist/tex/latex/base/size12.clo
File: size12.clo 2018/09/03 v1.4i Standard LaTeX file (size option)
)
\c@part=\count80
\c@chapter=\count81
\c@section=\count82
\c@subsection=\count83
\c@subsubsection=\count84
\c@paragraph=\count85
\c@subparagraph=\count86
\c@figure=\count87
\c@table=\count88
\abovecaptionskip=\skip41
\belowcaptionskip=\skip42
\bibindent=\dimen102
) (./preamble.tex (/usr/local/texlive/2019/texmf-dist/tex/latex/base/inputenc.s
ty
Package: inputenc 2018/08/11 v1.3c Input encoding file
\inpenc@prehook=\toks14
\inpenc@posthook=\toks15
)
(/usr/local/texlive/2019/texmf-dist/tex/generic/babel/babel.sty
Package: babel 2019/05/04 3.31 The Babel package

(/usr/local/texlive/2019/texmf-dist/tex/generic/babel/switch.def
File: switch.def 2019/05/04 3.31 Babel switching mechanism
)
(/usr/local/texlive/2019/texmf-dist/tex/generic/babel-german/german.ldf
Language: german 2018/12/08 v2.11 German support for babel (pre-1996 orthograph
y)

(/usr/local/texlive/2019/texmf-dist/tex/generic/babel-german/germanb.ldf
Language: germanb 2018/12/08 v2.11 German support for babel (pre-1996 orthograp
hy)

(/usr/local/texlive/2019/texmf-dist/tex/generic/babel/babel.def
File: babel.def 2019/05/04 3.31 Babel common definitions
\babel@savecnt=\count89
\U@D=\dimen103

(/usr/local/texlive/2019/texmf-dist/tex/generic/babel/txtbabel.def)
\bbl@dirlevel=\count90
)
Package babel Info: Making " an active character on input line 135.
)))
(/usr/local/texlive/2019/texmf-dist/tex/latex/base/fontenc.sty
Package: fontenc 2018/08/11 v2.0j Standard LaTeX package

(/usr/local/texlive/2019/texmf-dist/tex/latex/base/t1enc.def
File: t1enc.def 2018/08/11 v2.0j Standard LaTeX file
LaTeX Font Info:    Redeclaring font encoding T1 on input line 48.
))
(/usr/local/texlive/2019/texmf-dist/tex/latex/amsmath/amsmath.sty
Package: amsmath 2018/12/01 v2.17b AMS math features
\@mathmargin=\skip43

For additional information on amsmath, use the `?' option.
(/usr/local/texlive/2019/texmf-dist/tex/latex/amsmath/amstext.sty
Package: amstext 2000/06/29 v2.01 AMS text

(/usr/local/texlive/2019/texmf-dist/tex/latex/amsmath/amsgen.sty
File: amsgen.sty 1999/11/30 v2.0 generic functions
\@emptytoks=\toks16
\ex@=\dimen104
))
(/usr/local/texlive/2019/texmf-dist/tex/latex/amsmath/amsbsy.sty
Package: amsbsy 1999/11/29 v1.2d Bold Symbols
\pmbraise@=\dimen105
)
(/usr/local/texlive/2019/texmf-dist/tex/latex/amsmath/amsopn.sty
Package: amsopn 2016/03/08 v2.02 operator names
)
\inf@bad=\count91
LaTeX Info: Redefining \frac on input line 223.
\uproot@=\count92
\leftroot@=\count93
LaTeX Info: Redefining \overline on input line 385.
\classnum@=\count94
\DOTSCASE@=\count95
LaTeX Info: Redefining \ldots on input line 482.
LaTeX Info: Redefining \dots on input line 485.
LaTeX Info: Redefining \cdots on input line 606.
\Mathstrutbox@=\box27
\strutbox@=\box28
\big@size=\dimen106
LaTeX Font Info:    Redeclaring font encoding OML on input line 729.
LaTeX Font Info:    Redeclaring font encoding OMS on input line 730.
\macc@depth=\count96
\c@MaxMatrixCols=\count97
\dotsspace@=\muskip10
\c@parentequation=\count98
\dspbrk@lvl=\count99
\tag@help=\toks17
\row@=\count100
\column@=\count101
\maxfields@=\count102
\andhelp@=\toks18
\eqnshift@=\dimen107
\alignsep@=\dimen108
\tagshift@=\dimen109
\tagwidth@=\dimen110
\totwidth@=\dimen111
\lineht@=\dimen112
\@envbody=\toks19
\multlinegap=\skip44
\multlinetaggap=\skip45
\mathdisplay@stack=\toks20
LaTeX Info: Redefining \[ on input line 2844.
LaTeX Info: Redefining \] on input line 2845.
)
(/usr/local/texlive/2019/texmf-dist/tex/latex/amsfonts/amsfonts.sty
Package: amsfonts 2013/01/14 v3.01 Basic AMSFonts support
\symAMSa=\mathgroup4
\symAMSb=\mathgroup5
LaTeX Font Info:    Overwriting math alphabet `\mathfrak' in version `bold'
(Font)                  U/euf/m/n --> U/euf/b/n on input line 106.
)
(/usr/local/texlive/2019/texmf-dist/tex/latex/amsfonts/amssymb.sty
Package: amssymb 2013/01/14 v3.01 AMS font symbols
)
(/usr/local/texlive/2019/texmf-dist/tex/latex/graphics/graphicx.sty
Package: graphicx 2017/06/01 v1.1a Enhanced LaTeX Graphics (DPC,SPQR)

(/usr/local/texlive/2019/texmf-dist/tex/latex/graphics/keyval.sty
Package: keyval 2014/10/28 v1.15 key=value parser (DPC)
\KV@toks@=\toks21
)
(/usr/local/texlive/2019/texmf-dist/tex/latex/graphics/graphics.sty
Package: graphics 2017/06/25 v1.2c Standard LaTeX Graphics (DPC,SPQR)

(/usr/local/texlive/2019/texmf-dist/tex/latex/graphics/trig.sty
Package: trig 2016/01/03 v1.10 sin cos tan (DPC)
)
(/usr/local/texlive/2019/texmf-dist/tex/latex/graphics-cfg/graphics.cfg
File: graphics.cfg 2016/06/04 v1.11 sample graphics configuration
)
Package graphics Info: Driver file: pdftex.def on input line 99.

(/usr/local/texlive/2019/texmf-dist/tex/latex/graphics-def/pdftex.def
File: pdftex.def 2018/01/08 v1.0l Graphics/color driver for pdftex
))
\Gin@req@height=\dimen113
\Gin@req@width=\dimen114
)
(/usr/local/texlive/2019/texmf-dist/tex/latex/esvect/esvect.sty
Package: esvect 
\symesvector=\mathgroup6
)
(/usr/local/texlive/2019/texmf-dist/tex/latex/geometry/geometry.sty
Package: geometry 2018/04/16 v5.8 Page Geometry

(/usr/local/texlive/2019/texmf-dist/tex/generic/oberdiek/ifpdf.sty
Package: ifpdf 2018/09/07 v3.3 Provides the ifpdf switch
)
(/usr/local/texlive/2019/texmf-dist/tex/generic/oberdiek/ifvtex.sty
Package: ifvtex 2016/05/16 v1.6 Detect VTeX and its facilities (HO)
Package ifvtex Info: VTeX not detected.
)
(/usr/local/texlive/2019/texmf-dist/tex/generic/ifxetex/ifxetex.sty
Package: ifxetex 2010/09/12 v0.6 Provides ifxetex conditional
)
\Gm@cnth=\count103
\Gm@cntv=\count104
\c@Gm@tempcnt=\count105
\Gm@bindingoffset=\dimen115
\Gm@wd@mp=\dimen116
\Gm@odd@mp=\dimen117
\Gm@even@mp=\dimen118
\Gm@layoutwidth=\dimen119
\Gm@layoutheight=\dimen120
\Gm@layouthoffset=\dimen121
\Gm@layoutvoffset=\dimen122
\Gm@dimlist=\toks22
)
(/usr/local/texlive/2019/texmf-dist/tex/latex/float/float.sty
Package: float 2001/11/08 v1.3d Float enhancements (AL)
\c@float@type=\count106
\float@exts=\toks23
\float@box=\box29
\@float@everytoks=\toks24
\@floatcapt=\box30
)
(/usr/local/texlive/2019/texmf-dist/tex/latex/svg/svg.sty
Package: svg 2018/11/12 v2.02b (include SVG pictures)

(/usr/local/texlive/2019/texmf-dist/tex/latex/koma-script/scrbase.sty
Package: scrbase 2019/02/01 v3.26b KOMA-Script package (KOMA-Script-independent
 basics and keyval usage)

(/usr/local/texlive/2019/texmf-dist/tex/latex/koma-script/scrlfile.sty
Package: scrlfile 2019/02/01 v3.26b KOMA-Script package (loading files)
))
(/usr/local/texlive/2019/texmf-dist/tex/generic/oberdiek/ifluatex.sty
Package: ifluatex 2016/05/16 v1.4 Provides the ifluatex switch (HO)
Package ifluatex Info: LuaTeX not detected.
)
(/usr/local/texlive/2019/texmf-dist/tex/generic/oberdiek/pdftexcmds.sty
Package: pdftexcmds 2018/09/10 v0.29 Utility functions of pdfTeX for LuaTeX (HO
)

(/usr/local/texlive/2019/texmf-dist/tex/generic/oberdiek/infwarerr.sty
Package: infwarerr 2016/05/16 v1.4 Providing info/warning/error messages (HO)
)
(/usr/local/texlive/2019/texmf-dist/tex/generic/oberdiek/ltxcmds.sty
Package: ltxcmds 2016/05/16 v1.23 LaTeX kernel commands for general use (HO)
)
Package pdftexcmds Info: LuaTeX not detected.
Package pdftexcmds Info: \pdf@primitive is available.
Package pdftexcmds Info: \pdf@ifprimitive is available.
Package pdftexcmds Info: \pdfdraftmode found.
)
(/usr/local/texlive/2019/texmf-dist/tex/latex/tools/shellesc.sty
Package: shellesc 2016/06/07 v0.02a unified shell escape interface for LaTeX
Package shellesc Info: Unrestricted shell escape enabled on input line 67.
)
(/usr/local/texlive/2019/texmf-dist/tex/latex/trimspaces/trimspaces.sty
Package: trimspaces 2009/09/17 v1.1 Trim spaces around a token list
)
\svg@box=\box31
\c@svg@param@lastpage=\count107
\c@svg@param@currpage=\count108

(/usr/local/texlive/2019/texmf-dist/tex/latex/ifplatform/ifplatform.sty
Package: ifplatform 2017/10/13 v0.4a Testing for the operating system

(/usr/local/texlive/2019/texmf-dist/tex/generic/oberdiek/catchfile.sty
Package: catchfile 2016/05/16 v1.7 Catch the contents of a file (HO)

(/usr/local/texlive/2019/texmf-dist/tex/generic/oberdiek/etexcmds.sty
Package: etexcmds 2016/05/16 v1.6 Avoid name clashes with e-TeX commands (HO)
))
runsystem(uname -s > "arbeit.w18")...executed.


(./arbeit.w18)
runsystem(rm -- "arbeit.w18")...executed.

))
(/usr/local/texlive/2019/texmf-dist/tex/latex/xcolor/xcolor.sty
Package: xcolor 2016/05/11 v2.12 LaTeX color extensions (UK)

(/usr/local/texlive/2019/texmf-dist/tex/latex/graphics-cfg/color.cfg
File: color.cfg 2016/01/02 v1.6 sample color configuration
)
Package xcolor Info: Driver file: pdftex.def on input line 225.
Package xcolor Info: Model `cmy' substituted by `cmy0' on input line 1348.
Package xcolor Info: Model `hsb' substituted by `rgb' on input line 1352.
Package xcolor Info: Model `RGB' extended on input line 1364.
Package xcolor Info: Model `HTML' substituted by `rgb' on input line 1366.
Package xcolor Info: Model `Hsb' substituted by `hsb' on input line 1367.
Package xcolor Info: Model `tHsb' substituted by `hsb' on input line 1368.
Package xcolor Info: Model `HSB' substituted by `hsb' on input line 1369.
Package xcolor Info: Model `Gray' substituted by `gray' on input line 1370.
Package xcolor Info: Model `wave' substituted by `hsb' on input line 1371.
)
(/usr/local/texlive/2019/texmf-dist/tex/latex/oberdiek/transparent.sty
Package: transparent 2018/11/18 v1.3 Transparency via pdfTeX's color stack (HO)


(/usr/local/texlive/2019/texmf-dist/tex/latex/oberdiek/auxhook.sty
Package: auxhook 2016/05/16 v1.4 Hooks for auxiliary files (HO)
))
(/usr/local/texlive/2019/texmf-dist/tex/latex/base/fontenc.sty
Package: fontenc 2018/08/11 v2.0j Standard LaTeX package

(/usr/local/texlive/2019/texmf-dist/tex/latex/base/t1enc.def
File: t1enc.def 2018/08/11 v2.0j Standard LaTeX file
LaTeX Font Info:    Redeclaring font encoding T1 on input line 48.
)))
(/usr/local/texlive/2019/texmf-dist/tex/latex/hyperref/hyperref.sty
Package: hyperref 2018/11/30 v6.88e Hypertext links for LaTeX

(/usr/local/texlive/2019/texmf-dist/tex/generic/oberdiek/hobsub-hyperref.sty
Package: hobsub-hyperref 2016/05/16 v1.14 Bundle oberdiek, subset hyperref (HO)


(/usr/local/texlive/2019/texmf-dist/tex/generic/oberdiek/hobsub-generic.sty
Package: hobsub-generic 2016/05/16 v1.14 Bundle oberdiek, subset generic (HO)
Package: hobsub 2016/05/16 v1.14 Construct package bundles (HO)
Package hobsub Info: Skipping package `infwarerr' (already loaded).
Package hobsub Info: Skipping package `ltxcmds' (already loaded).
Package hobsub Info: Skipping package `ifluatex' (already loaded).
Package hobsub Info: Skipping package `ifvtex' (already loaded).
Package: intcalc 2016/05/16 v1.2 Expandable calculations with integers (HO)
Package hobsub Info: Skipping package `ifpdf' (already loaded).
Package hobsub Info: Skipping package `etexcmds' (already loaded).
Package: kvsetkeys 2016/05/16 v1.17 Key value parser (HO)
Package: kvdefinekeys 2016/05/16 v1.4 Define keys (HO)
Package hobsub Info: Skipping package `pdftexcmds' (already loaded).
Package: pdfescape 2016/05/16 v1.14 Implements pdfTeX's escape features (HO)
Package: bigintcalc 2016/05/16 v1.4 Expandable calculations on big integers (HO
)
Package: bitset 2016/05/16 v1.2 Handle bit-vector datatype (HO)
Package: uniquecounter 2016/05/16 v1.3 Provide unlimited unique counter (HO)
)
Package hobsub Info: Skipping package `hobsub' (already loaded).
Package: letltxmacro 2016/05/16 v1.5 Let assignment for LaTeX macros (HO)
Package: hopatch 2016/05/16 v1.3 Wrapper for package hooks (HO)
Package: xcolor-patch 2016/05/16 xcolor patch
Package: atveryend 2016/05/16 v1.9 Hooks at the very end of document (HO)
Package atveryend Info: \enddocument detected (standard20110627).
Package: atbegshi 2016/06/09 v1.18 At begin shipout hook (HO)
Package: refcount 2016/05/16 v3.5 Data extraction from label references (HO)
Package: hycolor 2016/05/16 v1.8 Color options for hyperref/bookmark (HO)
)
(/usr/local/texlive/2019/texmf-dist/tex/latex/oberdiek/kvoptions.sty
Package: kvoptions 2016/05/16 v3.12 Key value format for package options (HO)
)
\@linkdim=\dimen123
\Hy@linkcounter=\count109
\Hy@pagecounter=\count110

(/usr/local/texlive/2019/texmf-dist/tex/latex/hyperref/pd1enc.def
File: pd1enc.def 2018/11/30 v6.88e Hyperref: PDFDocEncoding definition (HO)
Now handling font encoding PD1 ...
... no UTF-8 mapping file for font encoding PD1
)
\Hy@SavedSpaceFactor=\count111

(/usr/local/texlive/2019/texmf-dist/tex/latex/latexconfig/hyperref.cfg
File: hyperref.cfg 2002/06/06 v1.2 hyperref configuration of TeXLive
)
Package hyperref Info: Option `linktocpage' set `true' on input line 4393.
Package hyperref Info: Option `colorlinks' set `true' on input line 4393.
Package hyperref Info: Hyper figures OFF on input line 4519.
Package hyperref Info: Link nesting OFF on input line 4524.
Package hyperref Info: Hyper index ON on input line 4527.
Package hyperref Info: Plain pages OFF on input line 4534.
Package hyperref Info: Backreferencing OFF on input line 4539.
Package hyperref Info: Implicit mode ON; LaTeX internals redefined.
Package hyperref Info: Bookmarks ON on input line 4772.
\c@Hy@tempcnt=\count112

(/usr/local/texlive/2019/texmf-dist/tex/latex/url/url.sty
\Urlmuskip=\muskip11
Package: url 2013/09/16  ver 3.4  Verb mode for urls, etc.
)
LaTeX Info: Redefining \url on input line 5125.
\XeTeXLinkMargin=\dimen124
\Fld@menulength=\count113
\Field@Width=\dimen125
\Fld@charsize=\dimen126
Package hyperref Info: Hyper figures OFF on input line 6380.
Package hyperref Info: Link nesting OFF on input line 6385.
Package hyperref Info: Hyper index ON on input line 6388.
Package hyperref Info: backreferencing OFF on input line 6395.
Package hyperref Info: Link coloring ON on input line 6398.
Package hyperref Info: Link coloring with OCG OFF on input line 6405.
Package hyperref Info: PDF/A mode OFF on input line 6410.
LaTeX Info: Redefining \ref on input line 6450.
LaTeX Info: Redefining \pageref on input line 6454.
\Hy@abspage=\count114
\c@Item=\count115
\c@Hfootnote=\count116
)
Package hyperref Info: Driver (autodetected): hpdftex.

(/usr/local/texlive/2019/texmf-dist/tex/latex/hyperref/hpdftex.def
File: hpdftex.def 2018/11/30 v6.88e Hyperref driver for pdfTeX
\Fld@listcount=\count117
\c@bookmark@seq@number=\count118

(/usr/local/texlive/2019/texmf-dist/tex/latex/oberdiek/rerunfilecheck.sty
Package: rerunfilecheck 2016/05/16 v1.8 Rerun checks for auxiliary files (HO)
Package uniquecounter Info: New unique counter `rerunfilecheck' on input line 2
82.
)
\Hy@SectionHShift=\skip46
)
(./arbeit.aux (./0Titelseite.aux) (./zusammenfassung.aux) (./einleitung.aux)
(./theorie.aux) (./messmethodik.aux) (./auswertung.aux) (./Anhang.aux))
\openout1 = `arbeit.aux'.

LaTeX Font Info:    Checking defaults for OML/cmm/m/it on input line 10.
LaTeX Font Info:    ... okay on input line 10.
LaTeX Font Info:    Checking defaults for T1/cmr/m/n on input line 10.
LaTeX Font Info:    ... okay on input line 10.
LaTeX Font Info:    Checking defaults for OT1/cmr/m/n on input line 10.
LaTeX Font Info:    ... okay on input line 10.
LaTeX Font Info:    Checking defaults for OMS/cmsy/m/n on input line 10.
LaTeX Font Info:    ... okay on input line 10.
LaTeX Font Info:    Checking defaults for OMX/cmex/m/n on input line 10.
LaTeX Font Info:    ... okay on input line 10.
LaTeX Font Info:    Checking defaults for U/cmr/m/n on input line 10.
LaTeX Font Info:    ... okay on input line 10.
LaTeX Font Info:    Checking defaults for PD1/pdf/m/n on input line 10.
LaTeX Font Info:    ... okay on input line 10.

(/usr/local/texlive/2019/texmf-dist/tex/context/base/mkii/supp-pdf.mkii
[Loading MPS to PDF converter (version 2006.09.02).]
\scratchcounter=\count119
\scratchdimen=\dimen127
\scratchbox=\box32
\nofMPsegments=\count120
\nofMParguments=\count121
\everyMPshowfont=\toks25
\MPscratchCnt=\count122
\MPscratchDim=\dimen128
\MPnumerator=\count123
\makeMPintoPDFobject=\count124
\everyMPtoPDFconversion=\toks26
) (/usr/local/texlive/2019/texmf-dist/tex/latex/oberdiek/epstopdf-base.sty
Package: epstopdf-base 2016/05/15 v2.6 Base part for package epstopdf

(/usr/local/texlive/2019/texmf-dist/tex/latex/oberdiek/grfext.sty
Package: grfext 2016/05/16 v1.2 Manage graphics extensions (HO)
)
Package epstopdf-base Info: Redefining graphics rule for `.eps' on input line 4
38.
Package grfext Info: Graphics extension search list:
(grfext)             [.pdf,.png,.jpg,.mps,.jpeg,.jbig2,.jb2,.PDF,.PNG,.JPG,.JPE
G,.JBIG2,.JB2,.eps]
(grfext)             \AppendGraphicsExtensions on input line 456.

(/usr/local/texlive/2019/texmf-dist/tex/latex/latexconfig/epstopdf-sys.cfg
File: epstopdf-sys.cfg 2010/07/13 v1.3 Configuration of (r)epstopdf for TeX Liv
e
))
*geometry* driver: auto-detecting
*geometry* detected driver: pdftex
*geometry* verbose mode - [ preamble ] result:
* driver: pdftex
* paper: a4paper
* layout: <same size as paper>
* layoutoffset:(h,v)=(0.0pt,0.0pt)
* modes: 
* h-part:(L,W,R)=(71.13188pt, 469.47049pt, 56.9055pt)
* v-part:(T,H,B)=(71.13188pt, 702.78308pt, 71.13188pt)
* \paperwidth=597.50787pt
* \paperheight=845.04684pt
* \textwidth=469.47049pt
* \textheight=702.78308pt
* \oddsidemargin=-1.1381pt
* \evensidemargin=-1.1381pt
* \topmargin=-49.28133pt
* \headheight=14.0pt
* \headsep=34.14322pt
* \topskip=12.0pt
* \footskip=42.67912pt
* \marginparwidth=44.0pt
* \marginparsep=10.0pt
* \columnsep=10.0pt
* \skip\footins=10.8pt plus 4.0pt minus 2.0pt
* \hoffset=0.0pt
* \voffset=0.0pt
* \mag=1000
* \@twocolumnfalse
* \@twosidefalse
* \@mparswitchfalse
* \@reversemarginfalse
* (1in=72.27pt=25.4mm, 1cm=28.453pt)

\AtBeginShipoutBox=\box33
Package hyperref Info: Link coloring ON on input line 10.
(/usr/local/texlive/2019/texmf-dist/tex/latex/hyperref/nameref.sty
Package: nameref 2016/05/21 v2.44 Cross-referencing by name of section

(/usr/local/texlive/2019/texmf-dist/tex/generic/oberdiek/gettitlestring.sty
Package: gettitlestring 2016/05/16 v1.5 Cleanup title references (HO)
)
\c@section@level=\count125
)
LaTeX Info: Redefining \ref on input line 10.
LaTeX Info: Redefining \pageref on input line 10.
LaTeX Info: Redefining \nameref on input line 10.

(./arbeit.out) (./arbeit.out)
\@outlinefile=\write3
\openout3 = `arbeit.out'.

\openout2 = `0Titelseite.aux'.

 (./0Titelseite.tex
Underfull \hbox (badness 10000) in paragraph at lines 5--9

 []

LaTeX Font Info:    Try loading font information for U+msa on input line 45.
(/usr/local/texlive/2019/texmf-dist/tex/latex/amsfonts/umsa.fd
File: umsa.fd 2013/01/14 v3.01 AMS symbols A
)
LaTeX Font Info:    Try loading font information for U+msb on input line 45.

(/usr/local/texlive/2019/texmf-dist/tex/latex/amsfonts/umsb.fd
File: umsb.fd 2013/01/14 v3.01 AMS symbols B
)
LaTeX Font Info:    Try loading font information for U+esvect on input line 45.


(/usr/local/texlive/2019/texmf-dist/tex/latex/esvect/uesvect.fd
File: uesvect.fd 
) [1


{/usr/local/texlive/2019/texmf-var/fonts/map/pdftex/updmap/pdftex.map}])
\openout2 = `zusammenfassung.aux'.


(./zusammenfassung.tex)pdfTeX warning (ext4): destination with the same identif
ier (name{page.1}) has been already used, duplicate ignored
<to be read again> 
                   \relax 
l.12 \include{zusammenfassung}
                               [1


] (./arbeit.toc)
\tf@toc=\write4
\openout4 = `arbeit.toc'.

 [2


]
\openout2 = `einleitung.aux'.

 (./einleitung.tex
Kapitel 1.
) [3


]
\openout2 = `theorie.aux'.

 (./theorie.tex
Kapitel 2.

LaTeX Warning: Citation `pielPlasmaPhysicsIntroduction2010a' on page 4 undefine
d on input line 12.

[4



] [5]
Package svg Info: Last page of `./svg-inkscape/paschen_kurve_svg-tex.pdf' is 1 
on input line 56.
 (./svg-inkscape/paschen_kurve_svg-tex.pdf_tex
<./svg-inkscape/paschen_kurve_svg-tex.pdf, id=207, page=1, 597.72266pt x 314.24
463pt>
File: ./svg-inkscape/paschen_kurve_svg-tex.pdf Graphic file (type pdf)
<use ./svg-inkscape/paschen_kurve_svg-tex.pdf, page 1>
Package pdftex.def Info: ./svg-inkscape/paschen_kurve_svg-tex.pdf , page1 used 
on input line 56.
(pdftex.def)             Requested size: 399.05278pt x 209.79478pt.
) [6 <./svg-inkscape/paschen_kurve_svg-tex.pdf>] [7]
Package svg Info: Last page of `./svg-inkscape/peak_bsp_svg-tex.pdf' is 1 on in
put line 107.
 (./svg-inkscape/peak_bsp_svg-tex.pdf_tex
<./svg-inkscape/peak_bsp_svg-tex.pdf, id=262, page=1, 708.24603pt x 346.89601pt
>
File: ./svg-inkscape/peak_bsp_svg-tex.pdf Graphic file (type pdf)
<use ./svg-inkscape/peak_bsp_svg-tex.pdf, page 1>
Package pdftex.def Info: ./svg-inkscape/peak_bsp_svg-tex.pdf , page1 used on in
put line 56.
(pdftex.def)             Requested size: 469.47049pt x 229.95248pt.
)

LaTeX Warning: `h' float specifier changed to `ht'.

[8]
Package svg Info: Last page of `./svg-inkscape/gaussglaettung_svg-tex.pdf' is 1
 on input line 131.
 (./svg-inkscape/gaussglaettung_svg-tex.pdf_tex
<./svg-inkscape/gaussglaettung_svg-tex.pdf, id=270, page=1, 1069.59598pt x 1792
.29597pt>
File: ./svg-inkscape/gaussglaettung_svg-tex.pdf Graphic file (type pdf)
<use ./svg-inkscape/gaussglaettung_svg-tex.pdf, page 1>
Package pdftex.def Info: ./svg-inkscape/gaussglaettung_svg-tex.pdf , page1 used
 on input line 56.
(pdftex.def)             Requested size: 399.05278pt x 668.69083pt.
) [9 <./svg-inkscape/peak_bsp_svg-tex.pdf>]
Overfull \vbox (65.23222pt too high) has occurred while \output is active []


[10 <./svg-inkscape/gaussglaettung_svg-tex.pdf>]
<bilder/see.png, id=757, 490.83376pt x 473.77pt>
File: bilder/see.png Graphic file (type png)
<use bilder/see.png>
Package pdftex.def Info: bilder/see.png  used on input line 148.
(pdftex.def)             Requested size: 328.6279pt x 317.2146pt.


LaTeX Warning: `h' float specifier changed to `ht'.

[11] [12 <./bilder/see.png>]) [13]
\openout2 = `messmethodik.aux'.

 (./messmethodik.tex
Kapitel 3.
<bilder/schaltbild.png, id=782, 877.2775pt x 762.85pt>
File: bilder/schaltbild.png Graphic file (type png)
<use bilder/schaltbild.png>
Package pdftex.def Info: bilder/schaltbild.png  used on input line 13.
(pdftex.def)             Requested size: 328.6279pt x 285.7654pt.

LaTeX Warning: `h' float specifier changed to `ht'.

[14



] [15 <./bilder/schaltbild.png>]) [16]
\openout2 = `auswertung.aux'.

 (./auswertung.tex
Kapitel 4.
[17



] [18]
Package svg Info: Last page of `./svg-inkscape/spektrum_vergleich_svg-tex.pdf' 
is 1 on input line 41.
 (./svg-inkscape/spektrum_vergleich_svg-tex.pdf_tex
<./svg-inkscape/spektrum_vergleich_svg-tex.pdf, id=833, page=1, 715.74605pt x 3
59.7999pt>
File: ./svg-inkscape/spektrum_vergleich_svg-tex.pdf Graphic file (type pdf)
<use ./svg-inkscape/spektrum_vergleich_svg-tex.pdf, page 1>
Package pdftex.def Info: ./svg-inkscape/spektrum_vergleich_svg-tex.pdf , page1 
used on input line 56.
(pdftex.def)             Requested size: 469.47049pt x 236.0028pt.
) [19 <./svg-inkscape/spektrum_vergleich_svg-tex.pdf>]
Package svg Info: Last page of `./svg-inkscape/heni_verlauf_svg-tex.pdf' is 1 o
n input line 50.

(./svg-inkscape/heni_verlauf_svg-tex.pdf_tex
<./svg-inkscape/heni_verlauf_svg-tex.pdf, id=945, page=1, 708.5328pt x 414.4798
3pt>
File: ./svg-inkscape/heni_verlauf_svg-tex.pdf Graphic file (type pdf)
<use ./svg-inkscape/heni_verlauf_svg-tex.pdf, page 1>
Package pdftex.def Info: ./svg-inkscape/heni_verlauf_svg-tex.pdf , page1 used o
n input line 56.
(pdftex.def)             Requested size: 469.47049pt x 274.639pt.
) [20 <./svg-inkscape/heni_verlauf_svg-tex.pdf>]
Package svg Info: Last page of `./svg-inkscape/zuendspannung_svg-tex.pdf' is 1 
on input line 77.
 (./svg-inkscape/zuendspannung_svg-tex.pdf_tex
<./svg-inkscape/zuendspannung_svg-tex.pdf, id=1020, page=1, 708.24603pt x 346.8
9601pt>
File: ./svg-inkscape/zuendspannung_svg-tex.pdf Graphic file (type pdf)
<use ./svg-inkscape/zuendspannung_svg-tex.pdf, page 1>
Package pdftex.def Info: ./svg-inkscape/zuendspannung_svg-tex.pdf , page1 used 
on input line 56.
(pdftex.def)             Requested size: 469.47049pt x 229.95248pt.
) [21 <./svg-inkscape/zuendspannung_svg-tex.pdf>]
Package svg Info: Last page of `./svg-inkscape/wirkungsgrad_svg-tex.pdf' is 1 o
n input line 90.
 (./svg-inkscape/wirkungsgrad_svg-tex.pdf_tex
<./svg-inkscape/wirkungsgrad_svg-tex.pdf, id=1121, page=1, 601.51434pt x 251.21
094pt>
File: ./svg-inkscape/wirkungsgrad_svg-tex.pdf Graphic file (type pdf)
<use ./svg-inkscape/wirkungsgrad_svg-tex.pdf, page 1>
Package pdftex.def Info: ./svg-inkscape/wirkungsgrad_svg-tex.pdf , page1 used o
n input line 56.
(pdftex.def)             Requested size: 469.47049pt x 196.06639pt.
)

Package svg Warning: Since the encountered filedate of file
(svg)                `./svg-inkscape/energiestrom_svg-tex.pdf_tex' is newer tha
n 
(svg)                `./svg-inkscape/energiestrom_svg-tex.pdf' it's supposed th
at
(svg)                you customized this file. To avoid an accidental
(svg)                overwriting of this file, the Inkscape export
(svg)                won't be done. If you want to overwrite the
(svg)                existing file please choose the parameter
(svg)                `inkscape=force' on input line 126.

Package svg Info: Last page of `./svg-inkscape/energiestrom_svg-tex.pdf' is 1 o
n input line 126.
(./svg-inkscape/energiestrom_svg-tex.pdf_tex
<./svg-inkscape/energiestrom_svg-tex.pdf, id=1124, page=1, 606.51434pt x 361.36
792pt>
File: ./svg-inkscape/energiestrom_svg-tex.pdf Graphic file (type pdf)
<use ./svg-inkscape/energiestrom_svg-tex.pdf, page 1>
Package pdftex.def Info: ./svg-inkscape/energiestrom_svg-tex.pdf , page1 used o
n input line 56.
(pdftex.def)             Requested size: 399.05278pt x 237.76466pt.
) [22 <./svg-inkscape/wirkungsgrad_svg-tex.pdf>]
Package svg Info: Last page of `./svg-inkscape/einzelleistungenKupferkorrigiert
_svg-tex.pdf' is 1 on input line 137.
 (./svg-inkscape/einzelleistungenKupferkorrigiert_svg-tex.pdf_tex
<./svg-inkscape/einzelleistungenKupferkorrigiert_svg-tex.pdf, id=1834, page=1, 
606.51434pt x 265.1441pt>
File: ./svg-inkscape/einzelleistungenKupferkorrigiert_svg-tex.pdf Graphic file 
(type pdf)
<use ./svg-inkscape/einzelleistungenKupferkorrigiert_svg-tex.pdf, page 1>
Package pdftex.def Info: ./svg-inkscape/einzelleistungenKupferkorrigiert_svg-te
x.pdf , page1 used on input line 56.
(pdftex.def)             Requested size: 469.47049pt x 205.23775pt.
) [23 <./svg-inkscape/energiestrom_svg-tex.pdf>]
Package svg Info: Last page of `./svg-inkscape/eseec_svg-tex.pdf' is 1 on input
 line 152.

(./svg-inkscape/eseec_svg-tex.pdf_tex
<./svg-inkscape/eseec_svg-tex.pdf, id=2017, page=1, 596.51434pt x 238.39243pt>
File: ./svg-inkscape/eseec_svg-tex.pdf Graphic file (type pdf)
<use ./svg-inkscape/eseec_svg-tex.pdf, page 1>
Package pdftex.def Info: ./svg-inkscape/eseec_svg-tex.pdf , page1 used on input
 line 56.
(pdftex.def)             Requested size: 469.47049pt x 187.62225pt.
)

LaTeX Warning: `h' float specifier changed to `ht'.

) [24 <./svg-inkscape/einzelleistungenKupferkorrigiert_svg-tex.pdf>] [25 <./svg
-inkscape/eseec_svg-tex.pdf>]
\openout2 = `Anhang.aux'.

 (./Anhang.tex
Anhang A.
) [26



] (./arbeit.bbl)
Package atveryend Info: Empty hook `BeforeClearDocument' on input line 29.
 [27


]
Package atveryend Info: Empty hook `AfterLastShipout' on input line 29.
 (./arbeit.aux (./0Titelseite.aux)
(./zusammenfassung.aux) (./einleitung.aux) (./theorie.aux) (./messmethodik.aux)
(./auswertung.aux) (./Anhang.aux))
Package atveryend Info: Executing hook `AtVeryEndDocument' on input line 29.
Package atveryend Info: Executing hook `AtEndAfterFileList' on input line 29.
Package rerunfilecheck Info: File `arbeit.out' has not changed.
(rerunfilecheck)             Checksum: C833D45DF69128BE44A2D9FEE19E6753;2253.


LaTeX Warning: There were undefined references.

Package atveryend Info: Empty hook `AtVeryVeryEnd' on input line 29.
 ) 
Here is how much of TeX's memory you used:
 8893 strings out of 492616
 133427 string characters out of 6129482
 270864 words of memory out of 5000000
 12425 multiletter control sequences out of 15000+600000
 21787 words of font info for 61 fonts, out of 8000000 for 9000
 1141 hyphenation exceptions out of 8191
 44i,13n,56p,1448b,477s stack positions out of 5000i,500n,10000p,200000b,80000s
{/usr/local/texlive/2019/texmf-dist/fonts/enc/dvips/cm-super/cm-super-t1.enc}
</usr/local/texlive/2019/texmf-dist/fonts/type1/public/amsfonts/cm/cmex10.pfb><
/usr/local/texlive/2019/texmf-dist/fonts/type1/public/amsfonts/cm/cmmi12.pfb></
usr/local/texlive/2019/texmf-dist/fonts/type1/public/amsfonts/cm/cmmi6.pfb></us
r/local/texlive/2019/texmf-dist/fonts/type1/public/amsfonts/cm/cmmi8.pfb></usr/
local/texlive/2019/texmf-dist/fonts/type1/public/amsfonts/cm/cmr12.pfb></usr/lo
cal/texlive/2019/texmf-dist/fonts/type1/public/amsfonts/cm/cmr6.pfb></usr/local
/texlive/2019/texmf-dist/fonts/type1/public/amsfonts/cm/cmr8.pfb></usr/local/te
xlive/2019/texmf-dist/fonts/type1/public/amsfonts/cm/cmsy10.pfb></usr/local/tex
live/2019/texmf-dist/fonts/type1/public/amsfonts/cm/cmsy8.pfb></usr/local/texli
ve/2019/texmf-dist/fonts/type1/public/amsfonts/symbols/msbm10.pfb></usr/local/t
exlive/2019/texmf-dist/fonts/type1/public/cm-super/sfbi1200.pfb></usr/local/tex
live/2019/texmf-dist/fonts/type1/public/cm-super/sfbx1200.pfb></usr/local/texli
ve/2019/texmf-dist/fonts/type1/public/cm-super/sfbx1440.pfb></usr/local/texlive
/2019/texmf-dist/fonts/type1/public/cm-super/sfbx1728.pfb></usr/local/texlive/2
019/texmf-dist/fonts/type1/public/cm-super/sfbx2488.pfb></usr/local/texlive/201
9/texmf-dist/fonts/type1/public/cm-super/sfcc1200.pfb></usr/local/texlive/2019/
texmf-dist/fonts/type1/public/cm-super/sfrm0700.pfb></usr/local/texlive/2019/te
xmf-dist/fonts/type1/public/cm-super/sfrm0800.pfb></usr/local/texlive/2019/texm
f-dist/fonts/type1/public/cm-super/sfrm1000.pfb></usr/local/texlive/2019/texmf-
dist/fonts/type1/public/cm-super/sfrm1200.pfb></usr/local/texlive/2019/texmf-di
st/fonts/type1/public/cm-super/sfrm1728.pfb></usr/local/texlive/2019/texmf-dist
/fonts/type1/public/cm-super/sfti1200.pfb>
Output written on arbeit.pdf (28 pages, 1373970 bytes).
PDF statistics:
 2477 PDF objects out of 2487 (max. 8388607)
 1731 compressed objects within 18 object streams
 111 named destinations out of 1000 (max. 500000)
 351 words of extra memory for PDF output out of 10000 (max. 10000000)

